<?xml version="1.0" encoding="UTF-8"?>
<!-- Generated by org.testng.reporters.JUnitReportReporter -->
<testsuite hostname="DESKTOP-LGJQN3H" failures="0" tests="2" name="TestNG.TestNG_demo" time="0.072" errors="0" timestamp="2024-12-30T09:49:00 IST" skipped="0">
  <testcase classname="TestNG.TestNG_demo" name="c" time="0.061"/>
  <system-out/>
  <testcase classname="TestNG.TestNG_demo" name="d" time="0.011"/>
  <system-out/>
</testsuite> <!-- TestNG.TestNG_demo -->
