<?xml version="1.0" encoding="UTF-8"?>
<!-- Generated by org.testng.reporters.JUnitReportReporter -->
<testsuite hostname="DESKTOP-LGJQN3H" failures="0" tests="1" name="TestNG.Exam" time="9.843" errors="0" timestamp="2025-01-10T11:00:10 IST" skipped="0">
  <testcase classname="TestNG.Exam" name="test" time="9.843"/>
  <system-out/>
</testsuite> <!-- TestNG.Exam -->
