<?xml version="1.0" encoding="UTF-8"?>
<!-- Generated by org.testng.reporters.JUnitReportReporter -->
<testsuite hostname="DESKTOP-LGJQN3H" failures="0" tests="1" name="TestNG.Scroll" time="0.604" errors="0" timestamp="2025-01-07T22:55:38 IST" skipped="0">
  <testcase classname="TestNG.Scroll" name="test2" time="0.604"/>
  <system-out/>
</testsuite> <!-- TestNG.Scroll -->
