<?xml version="1.0" encoding="UTF-8"?>
<!-- Generated by org.testng.reporters.JUnitReportReporter -->
<testsuite hostname="DESKTOP-LGJQN3H" failures="0" tests="1" name="TestNG.JS_path" time="2.932" errors="0" timestamp="2025-01-06T10:39:38 IST" skipped="0">
  <testcase classname="TestNG.JS_path" name="input" time="2.932"/>
  <system-out/>
</testsuite> <!-- TestNG.JS_path -->
