<?xml version="1.0" encoding="UTF-8"?>
<!-- Generated by org.testng.reporters.JUnitReportReporter -->
<testsuite hostname="DESKTOP-LGJQN3H" failures="0" tests="4" name="TestNG.Herokuapp" time="9.791" errors="0" timestamp="2024-12-30T10:56:26 IST" skipped="0">
  <testcase classname="TestNG.Herokuapp" name="dropdown" time="1.254"/>
  <system-out/>
  <testcase classname="TestNG.Herokuapp" name="context" time="5.472"/>
  <system-out/>
  <testcase classname="TestNG.Herokuapp" name="checkbox" time="1.536"/>
  <system-out/>
  <testcase classname="TestNG.Herokuapp" name="dragdrop" time="1.529"/>
  <system-out/>
</testsuite> <!-- TestNG.Herokuapp -->
