<?xml version="1.0" encoding="UTF-8"?>
<!-- Generated by org.testng.reporters.JUnitReportReporter -->
<testsuite hostname="DESKTOP-LGJQN3H" failures="0" tests="1" name="TestNG.Boolean_methods" time="4.417" errors="0" timestamp="2024-12-31T09:32:10 IST" skipped="0">
  <testcase classname="TestNG.Boolean_methods" name="test" time="4.417"/>
  <system-out/>
</testsuite> <!-- TestNG.Boolean_methods -->
