<?xml version="1.0" encoding="UTF-8"?>
<!-- Generated by org.testng.reporters.JUnitReportReporter -->
<testsuite hostname="DESKTOP-LGJQN3H" failures="0" tests="3" name="TestNG.Test_loginpractice" time="13.010" errors="0" timestamp="2025-01-02T10:55:48 IST" skipped="0">
  <testcase classname="TestNG.Test_loginpractice" name="test2" time="1.506"/>
  <system-out/>
  <testcase classname="TestNG.Test_loginpractice" name="test" time="4.105"/>
  <system-out/>
  <testcase classname="TestNG.Test_loginpractice" name="test1" time="7.399"/>
  <system-out/>
</testsuite> <!-- TestNG.Test_loginpractice -->
