<?xml version="1.0" encoding="UTF-8"?>
<!-- Generated by org.testng.reporters.JUnitReportReporter -->
<testsuite hostname="DESKTOP-LGJQN3H" failures="0" tests="1" name="Test.Base_classs" time="5.756" errors="0" timestamp="2025-01-09T09:15:30 IST" skipped="0">
  <testcase classname="Test.Base_classs" name="url" time="5.756"/>
  <system-out/>
</testsuite> <!-- Test.Base_classs -->
