<?xml version="1.0" encoding="UTF-8"?>
<!-- Generated by org.testng.reporters.JUnitReportReporter -->
<testsuite hostname="DESKTOP-LGJQN3H" failures="0" tests="1" name="Test.Test_class" time="0.508" errors="0" timestamp="2025-01-09T09:29:38 IST" skipped="0">
  <testcase classname="Test.Test_class" name="test" time="0.508"/>
  <system-out/>
</testsuite> <!-- Test.Test_class -->
