<?xml version="1.0" encoding="UTF-8"?>
<!-- Generated by org.testng.reporters.JUnitReportReporter -->
<testsuite hostname="DESKTOP-LGJQN3H" failures="0" tests="1" name="TestNG.Example" time="20.870" errors="0" timestamp="2025-04-16T20:42:59 IST" skipped="0">
  <testcase classname="TestNG.Example" name="test1" time="20.870"/>
  <system-out/>
</testsuite> <!-- TestNG.Example -->
