<?xml version="1.0" encoding="UTF-8"?>
<!-- Generated by org.testng.reporters.JUnitReportReporter -->
<testsuite hostname="DESKTOP-LGJQN3H" failures="0" tests="3" name="TestNG.Artof_testing" time="25.363" errors="0" timestamp="2025-01-05T23:13:32 IST" skipped="0">
  <testcase classname="TestNG.Artof_testing" name="test" time="16.897"/>
  <system-out/>
  <testcase classname="TestNG.Artof_testing" name="test1" time="0.952"/>
  <system-out/>
  <testcase classname="TestNG.Artof_testing" name="test2" time="7.514"/>
  <system-out/>
</testsuite> <!-- TestNG.Artof_testing -->
